<?xml version="1.0" encoding="UTF-8"?>
<!-- Generated by org.testng.reporters.JUnitReportReporter -->
<testsuite skipped="0" hostname="LP-INHY00000332" name="runner.LoginTestRunner" tests="1" failures="0" timestamp="13 Apr 2020 11:32:25 GMT" time="0.073" errors="0">
  <testcase name="feature" time="0.073" classname="runner.LoginTestRunner"/>
</testsuite> <!-- runner.LoginTestRunner -->
