<?xml version="1.0" encoding="UTF-8"?>
<!-- Generated by org.testng.reporters.JUnitReportReporter -->
<testsuite skipped="0" hostname="LP-INHY00000332" name="org.cucumber.runner.LoginTestRunner" tests="1" failures="0" timestamp="13 Apr 2020 10:33:16 GMT" time="0.081" errors="0">
  <testcase name="feature" time="0.081" classname="org.cucumber.runner.LoginTestRunner"/>
</testsuite> <!-- org.cucumber.runner.LoginTestRunner -->
