<?xml version="1.0" encoding="UTF-8"?>
<!-- Generated by org.testng.reporters.JUnitReportReporter -->
<testsuite skipped="0" hostname="LP-INHY00000332" name="runner.TestRunner" tests="1" failures="0" timestamp="14 Apr 2020 12:22:15 GMT" time="0.080" errors="0">
  <testcase name="feature" time="0.080" classname="runner.TestRunner"/>
</testsuite> <!-- runner.TestRunner -->
